<?xml version="1.0" encoding="UTF-8"?>
<!-- Generated by org.testng.reporters.JUnitXMLReporter -->
<testsuite name="Command line test" tests="1" failures="0" timestamp="21 Jun 2020 07:56:25 GMT" time="0.013" errors="0">
  <testcase name="@BeforeClass setBrowser" time="0.0" classname="scripts.Test1">
    <failure type="org.testng.TestNGException" message="
Method setBrowser requires 1 parameters but 0 were supplied in the @Configuration annotation.">
      <![CDATA[org.testng.TestNGException: 
Method setBrowser requires 1 parameters but 0 were supplied in the @Configuration annotation.
... Removed 31 stack frames]]>
    </failure>
  </testcase> <!-- @BeforeClass setBrowser -->
  <testcase name="@AfterMethod result" time="0.0" classname="scripts.Test1">
    <skipped/>
  </testcase> <!-- @AfterMethod result -->
  <testcase name="@AfterClass closeBrowser" time="0.0" classname="scripts.Test1">
    <skipped/>
  </testcase> <!-- @AfterClass closeBrowser -->
  <testcase name="test" time="0.001" classname="scripts.Test1">
    <skipped/>
  </testcase> <!-- test -->
</testsuite> <!-- Command line test -->
